yarn run v1.22.19
$ storybook build --output-dir /var/folders/b2/671h8h1n4_1cbrmzz4xby5r00000gn/T/chromatic--5563-GGTvSc0gI3uQ
@storybook/cli v7.6.6

info => Cleaning outputDir: /var/folders/b2/671h8h1n4_1cbrmzz4xby5r00000gn/T/chromatic--5563-GGTvSc0gI3uQ
info => Loading presets
info => Building manager..
info => Manager built (477 ms)
info => Building preview..
info => Copying static files: /Users/taku/Desktop/dev/course/storybook-tutorial-udemy/node_modules/@storybook/manager/static at /var/folders/b2/671h8h1n4_1cbrmzz4xby5r00000gn/T/chromatic--5563-GGTvSc0gI3uQ/sb-common-assets
info => Copying static files: /Users/taku/Desktop/dev/course/storybook-tutorial-udemy/public at /var/folders/b2/671h8h1n4_1cbrmzz4xby5r00000gn/T/chromatic--5563-GGTvSc0gI3uQ/
vite v4.5.1 building for production...

./sb-common-assets/fonts.css doesn't exist at build time, it will remain unchanged to be resolved at runtime
transforming...
node_modules/telejson/dist/index.mjs (1413:15) Use of eval in "node_modules/telejson/dist/index.mjs" is strongly discouraged as it poses security risks and may cause issues with minification.
node_modules/telejson/dist/index.mjs (1416:18) Use of eval in "node_modules/telejson/dist/index.mjs" is strongly discouraged as it poses security risks and may cause issues with minification.
✓ 861 modules transformed.
rendering chunks...
computing gzip size...
../../../../../../var/folders/b2/671h8h1n4_1cbrmzz4xby5r00000gn/T/chromatic--5563-GGTvSc0gI3uQ/assets/direction-94a9917f.svg                    1.28 kB │ gzip:   0.71 kB
../../../../../../var/folders/b2/671h8h1n4_1cbrmzz4xby5r00000gn/T/chromatic--5563-GGTvSc0gI3uQ/assets/flow-275142c6.svg                         1.39 kB │ gzip:   0.68 kB
../../../../../../var/folders/b2/671h8h1n4_1cbrmzz4xby5r00000gn/T/chromatic--5563-GGTvSc0gI3uQ/assets/code-brackets-9ef6443e.svg                1.46 kB │ gzip:   0.69 kB
../../../../../../var/folders/b2/671h8h1n4_1cbrmzz4xby5r00000gn/T/chromatic--5563-GGTvSc0gI3uQ/assets/comments-f15a6837.svg                     1.53 kB │ gzip:   0.70 kB
../../../../../../var/folders/b2/671h8h1n4_1cbrmzz4xby5r00000gn/T/chromatic--5563-GGTvSc0gI3uQ/assets/repo-fb4ece47.svg                         1.64 kB │ gzip:   0.83 kB
../../../../../../var/folders/b2/671h8h1n4_1cbrmzz4xby5r00000gn/T/chromatic--5563-GGTvSc0gI3uQ/assets/plugin-57148314.svg                       2.17 kB │ gzip:   0.98 kB
../../../../../../var/folders/b2/671h8h1n4_1cbrmzz4xby5r00000gn/T/chromatic--5563-GGTvSc0gI3uQ/assets/stackalt-2ad81543.svg                     2.55 kB │ gzip:   1.09 kB
../../../../../../var/folders/b2/671h8h1n4_1cbrmzz4xby5r00000gn/T/chromatic--5563-GGTvSc0gI3uQ/assets/colors-ac9401f3.svg                       8.51 kB │ gzip:   3.61 kB
../../../../../../var/folders/b2/671h8h1n4_1cbrmzz4xby5r00000gn/T/chromatic--5563-GGTvSc0gI3uQ/iframe.html                                     12.75 kB │ gzip:   3.59 kB
../../../../../../var/folders/b2/671h8h1n4_1cbrmzz4xby5r00000gn/T/chromatic--5563-GGTvSc0gI3uQ/assets/percolate-dac75269.ttf                   34.04 kB
../../../../../../var/folders/b2/671h8h1n4_1cbrmzz4xby5r00000gn/T/chromatic--5563-GGTvSc0gI3uQ/assets/percolate-ec979d96.woff                  34.11 kB
../../../../../../var/folders/b2/671h8h1n4_1cbrmzz4xby5r00000gn/T/chromatic--5563-GGTvSc0gI3uQ/assets/percolate-5ed633c2.eot                   34.21 kB
../../../../../../var/folders/b2/671h8h1n4_1cbrmzz4xby5r00000gn/T/chromatic--5563-GGTvSc0gI3uQ/assets/percolate-d13fa91b.svg                  140.51 kB │ gzip:  47.50 kB
../../../../../../var/folders/b2/671h8h1n4_1cbrmzz4xby5r00000gn/T/chromatic--5563-GGTvSc0gI3uQ/assets/Header-e719f21b.css                       0.43 kB │ gzip:   0.29 kB
../../../../../../var/folders/b2/671h8h1n4_1cbrmzz4xby5r00000gn/T/chromatic--5563-GGTvSc0gI3uQ/assets/Button-bc1a867b.css                       0.52 kB │ gzip:   0.29 kB
../../../../../../var/folders/b2/671h8h1n4_1cbrmzz4xby5r00000gn/T/chromatic--5563-GGTvSc0gI3uQ/assets/Page.stories-62652a55.css                 0.85 kB │ gzip:   0.38 kB
../../../../../../var/folders/b2/671h8h1n4_1cbrmzz4xby5r00000gn/T/chromatic--5563-GGTvSc0gI3uQ/assets/preview-4f244d89.css                      6.87 kB │ gzip:   2.06 kB
../../../../../../var/folders/b2/671h8h1n4_1cbrmzz4xby5r00000gn/T/chromatic--5563-GGTvSc0gI3uQ/assets/index-9eea8125.js                         0.21 kB │ gzip:   0.17 kB
../../../../../../var/folders/b2/671h8h1n4_1cbrmzz4xby5r00000gn/T/chromatic--5563-GGTvSc0gI3uQ/assets/_commonjs-dynamic-modules-302442b1.js     0.24 kB │ gzip:   0.19 kB
../../../../../../var/folders/b2/671h8h1n4_1cbrmzz4xby5r00000gn/T/chromatic--5563-GGTvSc0gI3uQ/assets/WithTooltip-V3YHNWJZ-2f59c85f.js          0.41 kB │ gzip:   0.24 kB
../../../../../../var/folders/b2/671h8h1n4_1cbrmzz4xby5r00000gn/T/chromatic--5563-GGTvSc0gI3uQ/assets/syntaxhighlighter-V7JZZA35-da1e7321.js    0.42 kB │ gzip:   0.25 kB
../../../../../../var/folders/b2/671h8h1n4_1cbrmzz4xby5r00000gn/T/chromatic--5563-GGTvSc0gI3uQ/assets/index-a1cf9e47.js                         0.49 kB │ gzip:   0.31 kB
../../../../../../var/folders/b2/671h8h1n4_1cbrmzz4xby5r00000gn/T/chromatic--5563-GGTvSc0gI3uQ/assets/preview-7cd993c5.js                       0.54 kB │ gzip:   0.32 kB
../../../../../../var/folders/b2/671h8h1n4_1cbrmzz4xby5r00000gn/T/chromatic--5563-GGTvSc0gI3uQ/assets/react-18-988a5df2.js                      0.55 kB │ gzip:   0.34 kB
../../../../../../var/folders/b2/671h8h1n4_1cbrmzz4xby5r00000gn/T/chromatic--5563-GGTvSc0gI3uQ/assets/preview-73104b77.js                       0.64 kB │ gzip:   0.44 kB
../../../../../../var/folders/b2/671h8h1n4_1cbrmzz4xby5r00000gn/T/chromatic--5563-GGTvSc0gI3uQ/assets/_commonjsHelpers-de833af9.js              0.69 kB │ gzip:   0.38 kB
../../../../../../var/folders/b2/671h8h1n4_1cbrmzz4xby5r00000gn/T/chromatic--5563-GGTvSc0gI3uQ/assets/index-356e4a49.js                         0.77 kB │ gzip:   0.47 kB
../../../../../../var/folders/b2/671h8h1n4_1cbrmzz4xby5r00000gn/T/chromatic--5563-GGTvSc0gI3uQ/assets/index-8d47fad6.js                         0.80 kB │ gzip:   0.52 kB
../../../../../../var/folders/b2/671h8h1n4_1cbrmzz4xby5r00000gn/T/chromatic--5563-GGTvSc0gI3uQ/assets/preview-0ef86afd.js                       0.86 kB │ gzip:   0.55 kB
../../../../../../var/folders/b2/671h8h1n4_1cbrmzz4xby5r00000gn/T/chromatic--5563-GGTvSc0gI3uQ/assets/Header.stories-b545990c.js                0.87 kB │ gzip:   0.45 kB
../../../../../../var/folders/b2/671h8h1n4_1cbrmzz4xby5r00000gn/T/chromatic--5563-GGTvSc0gI3uQ/assets/jsx-runtime-03b4ddbf.js                   0.97 kB │ gzip:   0.60 kB
../../../../../../var/folders/b2/671h8h1n4_1cbrmzz4xby5r00000gn/T/chromatic--5563-GGTvSc0gI3uQ/assets/preview-0fee68dd.js                       1.04 kB │ gzip:   0.67 kB
../../../../../../var/folders/b2/671h8h1n4_1cbrmzz4xby5r00000gn/T/chromatic--5563-GGTvSc0gI3uQ/assets/entry-preview-1f5c28fc.js                 1.15 kB │ gzip:   0.67 kB
../../../../../../var/folders/b2/671h8h1n4_1cbrmzz4xby5r00000gn/T/chromatic--5563-GGTvSc0gI3uQ/assets/DocsRenderer-NNNQARDV-2e61cc23.js         1.30 kB │ gzip:   0.69 kB
../../../../../../var/folders/b2/671h8h1n4_1cbrmzz4xby5r00000gn/T/chromatic--5563-GGTvSc0gI3uQ/assets/Button-651c4d71.js                        1.44 kB │ gzip:   0.66 kB
../../../../../../var/folders/b2/671h8h1n4_1cbrmzz4xby5r00000gn/T/chromatic--5563-GGTvSc0gI3uQ/assets/Button.stories-84d05c92.js                1.49 kB │ gzip:   0.56 kB
../../../../../../var/folders/b2/671h8h1n4_1cbrmzz4xby5r00000gn/T/chromatic--5563-GGTvSc0gI3uQ/assets/Header-9c001358.js                        1.65 kB │ gzip:   0.80 kB
../../../../../../var/folders/b2/671h8h1n4_1cbrmzz4xby5r00000gn/T/chromatic--5563-GGTvSc0gI3uQ/assets/Task.stories-9b759845.js                  2.24 kB │ gzip:   0.93 kB
../../../../../../var/folders/b2/671h8h1n4_1cbrmzz4xby5r00000gn/T/chromatic--5563-GGTvSc0gI3uQ/assets/index-11d98b33.js                         2.59 kB │ gzip:   1.26 kB
../../../../../../var/folders/b2/671h8h1n4_1cbrmzz4xby5r00000gn/T/chromatic--5563-GGTvSc0gI3uQ/assets/InboxScreen.stories-5c86bb12.js           2.76 kB │ gzip:   1.09 kB
../../../../../../var/folders/b2/671h8h1n4_1cbrmzz4xby5r00000gn/T/chromatic--5563-GGTvSc0gI3uQ/assets/preview-30b54f76.js                       3.21 kB │ gzip:   1.37 kB
../../../../../../var/folders/b2/671h8h1n4_1cbrmzz4xby5r00000gn/T/chromatic--5563-GGTvSc0gI3uQ/assets/Page.stories-80b409ef.js                  3.55 kB │ gzip:   1.56 kB
../../../../../../var/folders/b2/671h8h1n4_1cbrmzz4xby5r00000gn/T/chromatic--5563-GGTvSc0gI3uQ/assets/preview-d01b88e8.js                       5.23 kB │ gzip:   2.39 kB
../../../../../../var/folders/b2/671h8h1n4_1cbrmzz4xby5r00000gn/T/chromatic--5563-GGTvSc0gI3uQ/assets/iframe-c45e54e6.js                        6.16 kB │ gzip:   1.90 kB
../../../../../../var/folders/b2/671h8h1n4_1cbrmzz4xby5r00000gn/T/chromatic--5563-GGTvSc0gI3uQ/assets/Introduction-439658c3.js                  6.65 kB │ gzip:   2.20 kB
../../../../../../var/folders/b2/671h8h1n4_1cbrmzz4xby5r00000gn/T/chromatic--5563-GGTvSc0gI3uQ/assets/index-76fb7be0.js                         7.16 kB │ gzip:   2.91 kB
../../../../../../var/folders/b2/671h8h1n4_1cbrmzz4xby5r00000gn/T/chromatic--5563-GGTvSc0gI3uQ/assets/preview-da31036b.js                       7.62 kB │ gzip:   1.56 kB
../../../../../../var/folders/b2/671h8h1n4_1cbrmzz4xby5r00000gn/T/chromatic--5563-GGTvSc0gI3uQ/assets/preview-c56bf6ac.js                       8.28 kB │ gzip:   3.16 kB
../../../../../../var/folders/b2/671h8h1n4_1cbrmzz4xby5r00000gn/T/chromatic--5563-GGTvSc0gI3uQ/assets/index-03bbf7d1.js                        13.51 kB │ gzip:   5.05 kB
../../../../../../var/folders/b2/671h8h1n4_1cbrmzz4xby5r00000gn/T/chromatic--5563-GGTvSc0gI3uQ/assets/Color-6VNJS4EI-8eba49f2.js               17.58 kB │ gzip:   6.71 kB
../../../../../../var/folders/b2/671h8h1n4_1cbrmzz4xby5r00000gn/T/chromatic--5563-GGTvSc0gI3uQ/assets/TaskList.stories-940c9582.js             32.36 kB │ gzip:  12.03 kB
../../../../../../var/folders/b2/671h8h1n4_1cbrmzz4xby5r00000gn/T/chromatic--5563-GGTvSc0gI3uQ/assets/preview-e61bb6b9.js                      34.24 kB │ gzip:  13.37 kB
../../../../../../var/folders/b2/671h8h1n4_1cbrmzz4xby5r00000gn/T/chromatic--5563-GGTvSc0gI3uQ/assets/preview-21802b0a.js                      72.07 kB │ gzip:  24.33 kB
../../../../../../var/folders/b2/671h8h1n4_1cbrmzz4xby5r00000gn/T/chromatic--5563-GGTvSc0gI3uQ/assets/index-8fd8397b.js                        78.40 kB │ gzip:  23.41 kB
../../../../../../var/folders/b2/671h8h1n4_1cbrmzz4xby5r00000gn/T/chromatic--5563-GGTvSc0gI3uQ/assets/index-d3ea75b5.js                       134.07 kB │ gzip:  43.20 kB
../../../../../../var/folders/b2/671h8h1n4_1cbrmzz4xby5r00000gn/T/chromatic--5563-GGTvSc0gI3uQ/assets/entry-preview-docs-b427957a.js          212.40 kB │ gzip:  65.83 kB
../../../../../../var/folders/b2/671h8h1n4_1cbrmzz4xby5r00000gn/T/chromatic--5563-GGTvSc0gI3uQ/assets/index-03d05a58.js                       375.25 kB │ gzip: 115.53 kB
../../../../../../var/folders/b2/671h8h1n4_1cbrmzz4xby5r00000gn/T/chromatic--5563-GGTvSc0gI3uQ/assets/index-dc83bcf7.js                       536.51 kB │ gzip: 174.68 kB
../../../../../../var/folders/b2/671h8h1n4_1cbrmzz4xby5r00000gn/T/chromatic--5563-GGTvSc0gI3uQ/assets/axe-c259e37e.js                         556.42 kB │ gzip: 152.71 kB
../../../../../../var/folders/b2/671h8h1n4_1cbrmzz4xby5r00000gn/T/chromatic--5563-GGTvSc0gI3uQ/assets/index-4a8c30f8.js                       559.55 kB │ gzip: 147.59 kB
../../../../../../var/folders/b2/671h8h1n4_1cbrmzz4xby5r00000gn/T/chromatic--5563-GGTvSc0gI3uQ/assets/formatter-SWP5E3XI-58cde6a1.js          601.61 kB │ gzip: 185.00 kB

(!) Some chunks are larger than 500 kBs after minification. Consider:
- Using dynamic import() to code-split the application
- Use build.rollupOptions.output.manualChunks to improve chunking: https://rollupjs.org/configuration-options/#output-manualchunks
- Adjust chunk size limit for this warning via build.chunkSizeWarningLimit.
✓ built in 29.80s
info => Preview built (32 s)
info => Output directory: /var/folders/b2/671h8h1n4_1cbrmzz4xby5r00000gn/T/chromatic--5563-GGTvSc0gI3uQ
Done in 37.16s.
